2025-10-22 11:18:35 | INFO     | video_generation_app | <module>:41 | Logger configurado correctamente.
2025-10-22 11:18:47 | INFO     | video_generation_app | <module>:41 | Logger configurado correctamente.
2025-10-22 11:18:50 | INFO     | video_generation_app | root:72 | Logger configurado correctamente.
2025-10-22 11:19:10 | INFO     | video_generation_app | <module>:41 | Logger configurado correctamente.
2025-10-22 11:19:11 | INFO     | video_generation_app | root:72 | Logger configurado correctamente. | API Root accessed.
2025-10-22 11:28:23 | INFO     | video_generation_app | <module>:41 | Logger configurado correctamente.
2025-10-22 11:31:14 | INFO     | video_generation_app | <module>:41 | Logger configurado correctamente.
2025-10-22 11:37:34 | INFO     | video_generation_app | <module>:41 | Logger configurado correctamente.
2025-10-22 11:39:33 | INFO     | video_generation_app | <module>:41 | Logger configurado correctamente.
2025-10-22 11:39:38 | INFO     | video_generation_app | <module>:41 | Logger configurado correctamente.
2025-10-24 12:54:22 | INFO     | video_generation_app | <module>:42 | Logger configurado correctamente.
2025-10-24 12:54:53 | INFO     | video_generation_app | root:78 | Logger configurado correctamente. | API Root accessed.
2025-10-24 13:32:22 | INFO     | video_generation_app | <module>:41 | Logger configurado correctamente.
2025-10-24 13:44:12 | INFO     | video_generation_app | <module>:41 | Logger configurado correctamente.
2025-10-24 13:45:20 | INFO     | video_generation_app | save_image:37 | Saving image: ba728f54e40a4a40b8a8b4079893ec8e
2025-10-24 13:45:20 | INFO     | azure.core.pipeline.policies.http_logging_policy | on_request:508 | Request URL: 'https://showroomblob.blob.core.windows.net/public-data/ba728f54e40a4a40b8a8b4079893ec8e/img_pareja_ba728f54e40a4a40b8a8b4079893ec8e.jpg'
Request method: 'PUT'
Request headers:
    'Content-Length': '186021'
    'x-ms-blob-type': 'REDACTED'
    'x-ms-blob-content-type': 'REDACTED'
    'x-ms-version': 'REDACTED'
    'Content-Type': 'application/octet-stream'
    'Accept': 'application/xml'
    'User-Agent': 'azsdk-python-storage-blob/12.27.0 Python/3.12.10 (Windows-10-10.0.19045-SP0)'
    'x-ms-date': 'REDACTED'
    'x-ms-client-request-id': 'eb29c0d4-b0ce-11f0-86c4-c85ea9bc8da0'
    'Authorization': 'REDACTED'
A body is sent with the request
2025-10-24 13:45:20 | INFO     | azure.core.pipeline.policies.http_logging_policy | on_response:554 | Response status: 201
Response headers:
    'Content-Length': '0'
    'Content-MD5': 'REDACTED'
    'Last-Modified': 'Fri, 24 Oct 2025 11:45:20 GMT'
    'ETag': '"0x8DE12F2CF888834"'
    'Server': 'Windows-Azure-Blob/1.0 Microsoft-HTTPAPI/2.0'
    'x-ms-request-id': 'ee8a1250-b01e-0014-71db-443379000000'
    'x-ms-client-request-id': 'eb29c0d4-b0ce-11f0-86c4-c85ea9bc8da0'
    'x-ms-version': 'REDACTED'
    'x-ms-content-crc64': 'REDACTED'
    'x-ms-request-server-encrypted': 'REDACTED'
    'Date': 'Fri, 24 Oct 2025 11:45:20 GMT'
2025-10-24 13:45:20 | INFO     | video_generation_app | send_power_automate:127 | Calling Power Automate API
2025-10-24 13:45:21 | INFO     | video_generation_app | send_power_automate:149 | Power Automate API call successful
2025-10-24 13:45:22 | INFO     | azure.core.pipeline.policies.http_logging_policy | on_request:508 | Request URL: 'https://showroomblob.blob.core.windows.net/public-data/ba728f54e40a4a40b8a8b4079893ec8e/img_cartel_ba728f54e40a4a40b8a8b4079893ec8e.jpg'
Request method: 'PUT'
Request headers:
    'Content-Length': '1955049'
    'x-ms-blob-type': 'REDACTED'
    'x-ms-blob-content-type': 'REDACTED'
    'x-ms-version': 'REDACTED'
    'Content-Type': 'application/octet-stream'
    'Accept': 'application/xml'
    'User-Agent': 'azsdk-python-storage-blob/12.27.0 Python/3.12.10 (Windows-10-10.0.19045-SP0)'
    'x-ms-date': 'REDACTED'
    'x-ms-client-request-id': 'ec9e9af6-b0ce-11f0-9845-c85ea9bc8da0'
    'Authorization': 'REDACTED'
A body is sent with the request
2025-10-24 13:45:23 | INFO     | azure.core.pipeline.policies.http_logging_policy | on_response:554 | Response status: 201
Response headers:
    'Content-Length': '0'
    'Content-MD5': 'REDACTED'
    'Last-Modified': 'Fri, 24 Oct 2025 11:45:23 GMT'
    'ETag': '"0x8DE12F2D11839A0"'
    'Server': 'Windows-Azure-Blob/1.0 Microsoft-HTTPAPI/2.0'
    'x-ms-request-id': '34b48fe5-901e-0013-74db-445f1a000000'
    'x-ms-client-request-id': 'ec9e9af6-b0ce-11f0-9845-c85ea9bc8da0'
    'x-ms-version': 'REDACTED'
    'x-ms-content-crc64': 'REDACTED'
    'x-ms-request-server-encrypted': 'REDACTED'
    'Date': 'Fri, 24 Oct 2025 11:45:22 GMT'
2025-10-24 13:45:58 | INFO     | video_generation_app | create_cartel_video:61 | isDemo: True
2025-10-24 13:45:58 | INFO     | video_generation_app | create_cartel_video:65 | Demo vid url: https://showroomblob.blob.core.windows.net/demo-data/cartel_vid_demo.mp4
2025-10-24 13:45:58 | INFO     | video_generation_app | create_cartel_video:73 | Generating cartel video for: Laura, Lola Demo: True
2025-10-24 13:45:59 | INFO     | azure.core.pipeline.policies.http_logging_policy | on_request:508 | Request URL: 'https://showroomblob.blob.core.windows.net/public-data/ba728f54e40a4a40b8a8b4079893ec8e/vid_cartel_ba728f54e40a4a40b8a8b4079893ec8e.mp4'
Request method: 'PUT'
Request headers:
    'Content-Length': '3064519'
    'x-ms-blob-type': 'REDACTED'
    'x-ms-blob-content-type': 'REDACTED'
    'x-ms-version': 'REDACTED'
    'Content-Type': 'application/octet-stream'
    'Accept': 'application/xml'
    'User-Agent': 'azsdk-python-storage-blob/12.27.0 Python/3.12.10 (Windows-10-10.0.19045-SP0)'
    'x-ms-date': 'REDACTED'
    'x-ms-client-request-id': '02b73925-b0cf-11f0-80c4-c85ea9bc8da0'
    'Authorization': 'REDACTED'
A body is sent with the request
2025-10-24 13:46:01 | INFO     | azure.core.pipeline.policies.http_logging_policy | on_response:554 | Response status: 201
Response headers:
    'Content-Length': '0'
    'Content-MD5': 'REDACTED'
    'Last-Modified': 'Fri, 24 Oct 2025 11:46:01 GMT'
    'ETag': '"0x8DE12F2E7E1FA84"'
    'Server': 'Windows-Azure-Blob/1.0 Microsoft-HTTPAPI/2.0'
    'x-ms-request-id': 'fedbb00c-001e-002e-75db-442901000000'
    'x-ms-client-request-id': '02b73925-b0cf-11f0-80c4-c85ea9bc8da0'
    'x-ms-version': 'REDACTED'
    'x-ms-content-crc64': 'REDACTED'
    'x-ms-request-server-encrypted': 'REDACTED'
    'Date': 'Fri, 24 Oct 2025 11:46:01 GMT'
2025-10-24 13:46:01 | INFO     | azure.core.pipeline.policies.http_logging_policy | on_request:508 | Request URL: 'https://showroomblob.blob.core.windows.net/public-data/ba728f54e40a4a40b8a8b4079893ec8e/vid_pareja_ba728f54e40a4a40b8a8b4079893ec8e.mp4'
Request method: 'PUT'
Request headers:
    'Content-Length': '3537050'
    'x-ms-blob-type': 'REDACTED'
    'x-ms-blob-content-type': 'REDACTED'
    'x-ms-version': 'REDACTED'
    'Content-Type': 'application/octet-stream'
    'Accept': 'application/xml'
    'User-Agent': 'azsdk-python-storage-blob/12.27.0 Python/3.12.10 (Windows-10-10.0.19045-SP0)'
    'x-ms-date': 'REDACTED'
    'x-ms-client-request-id': '03afe2d2-b0cf-11f0-90c3-c85ea9bc8da0'
    'Authorization': 'REDACTED'
A body is sent with the request
2025-10-24 13:46:02 | INFO     | azure.core.pipeline.policies.http_logging_policy | on_response:554 | Response status: 201
Response headers:
    'Content-Length': '0'
    'Content-MD5': 'REDACTED'
    'Last-Modified': 'Fri, 24 Oct 2025 11:46:02 GMT'
    'ETag': '"0x8DE12F2E8AFBD4C"'
    'Server': 'Windows-Azure-Blob/1.0 Microsoft-HTTPAPI/2.0'
    'x-ms-request-id': 'ee8a1afa-b01e-0014-14db-443379000000'
    'x-ms-client-request-id': '03afe2d2-b0cf-11f0-90c3-c85ea9bc8da0'
    'x-ms-version': 'REDACTED'
    'x-ms-content-crc64': 'REDACTED'
    'x-ms-request-server-encrypted': 'REDACTED'
    'Date': 'Fri, 24 Oct 2025 11:46:02 GMT'
2025-10-24 13:46:06 | INFO     | video_generation_app | generate_final_video:111 | Generando video final con entradas: https://showroomblob.blob.core.windows.net/public-data/ba728f54e40a4a40b8a8b4079893ec8e/vid_cartel_ba728f54e40a4a40b8a8b4079893ec8e.mp4, https://showroomblob.blob.core.windows.net/public-data/ba728f54e40a4a40b8a8b4079893ec8e/vid_pareja_ba728f54e40a4a40b8a8b4079893ec8e.mp4
2025-10-24 13:46:06 | INFO     | video_generation_app | _download_to_dir:20 | Downloading URL to dir
2025-10-24 13:46:06 | INFO     | video_generation_app | _download_to_dir:56 | Saving to path: temp_files\input_822fbb16-b130-4b54-87d0-6eb4c14a89eb.mp4
2025-10-24 13:46:06 | INFO     | video_generation_app | _download_to_dir:20 | Downloading URL to dir
2025-10-24 13:46:07 | INFO     | video_generation_app | _download_to_dir:56 | Saving to path: temp_files\input_2a25cc03-aafe-4f56-bfdb-0ff333853ef9.mp4
2025-10-24 13:46:08 | INFO     | video_generation_app | compose_final:61 | Usando videos fijos: %s static/videos\nupzial1.mp4, %s static/videos\nupzial3.mp4, %s static/videos\nupzial4.mp4
2025-10-24 13:46:08 | INFO     | video_generation_app | compose_final:69 | EMPEZAMOS!!
2025-10-24 13:46:09 | INFO     | video_generation_app | compose_final:73 | cpli1 ok
2025-10-24 13:46:10 | INFO     | video_generation_app | compose_final:83 | cpli pareja ok
2025-10-24 13:46:11 | INFO     | video_generation_app | compose_final:88 | cpli2 ok
2025-10-24 13:46:13 | INFO     | video_generation_app | compose_final:98 | cpli cartel ok
2025-10-24 13:46:15 | INFO     | video_generation_app | compose_final:104 | clip3  ok
2025-10-24 13:46:16 | INFO     | video_generation_app | compose_final:122 | llamo a concatenate_videoclips
2025-10-24 13:46:16 | INFO     | video_generation_app | compose_final:126 | tenemos final_clip
2025-10-24 13:46:16 | INFO     | video_generation_app | compose_final:136 | efectos ok
2025-10-24 13:46:17 | INFO     | video_generation_app | compose_final:141 | audio ok
2025-10-24 13:46:17 | INFO     | video_generation_app | compose_final:145 | guardo en temp
2025-10-24 13:49:10 | INFO     | video_generation_app | compose_final:155 | temp ok
2025-10-24 13:49:10 | INFO     | azure.core.pipeline.policies.http_logging_policy | on_request:508 | Request URL: 'https://showroomblob.blob.core.windows.net/public-data/ba728f54e40a4a40b8a8b4079893ec8e/vid_final_ba728f54e40a4a40b8a8b4079893ec8e.mp4'
Request method: 'PUT'
Request headers:
    'Content-Length': '7135316'
    'x-ms-blob-type': 'REDACTED'
    'x-ms-blob-content-type': 'REDACTED'
    'x-ms-version': 'REDACTED'
    'Content-Type': 'application/octet-stream'
    'Accept': 'application/xml'
    'User-Agent': 'azsdk-python-storage-blob/12.27.0 Python/3.12.10 (Windows-10-10.0.19045-SP0)'
    'x-ms-date': 'REDACTED'
    'x-ms-client-request-id': '74751e3e-b0cf-11f0-9d68-c85ea9bc8da0'
    'Authorization': 'REDACTED'
A body is sent with the request
2025-10-24 13:49:11 | INFO     | azure.core.pipeline.policies.http_logging_policy | on_response:554 | Response status: 201
Response headers:
    'Content-Length': '0'
    'Content-MD5': 'REDACTED'
    'Last-Modified': 'Fri, 24 Oct 2025 11:49:11 GMT'
    'ETag': '"0x8DE12F359025F78"'
    'Server': 'Windows-Azure-Blob/1.0 Microsoft-HTTPAPI/2.0'
    'x-ms-request-id': '76922b37-801e-0030-09dc-44c5d9000000'
    'x-ms-client-request-id': '74751e3e-b0cf-11f0-9d68-c85ea9bc8da0'
    'x-ms-version': 'REDACTED'
    'x-ms-content-crc64': 'REDACTED'
    'x-ms-request-server-encrypted': 'REDACTED'
    'Date': 'Fri, 24 Oct 2025 11:49:10 GMT'
2025-10-24 13:49:11 | INFO     | video_generation_app | compose_final:173 | Video final subido a blob storage: https://showroomblob.blob.core.windows.net/public-data/ba728f54e40a4a40b8a8b4079893ec8e/vid_final_ba728f54e40a4a40b8a8b4079893ec8e.mp4
2025-10-24 13:49:11 | INFO     | video_generation_app | send_power_automate:77 | Calling Power Automate API
2025-10-24 13:49:12 | INFO     | video_generation_app | send_power_automate:96 | Power Automate API call successful
2025-10-24 13:49:12 | INFO     | video_generation_app | generate_final_video:128 | Video final generado en: https://showroomblob.blob.core.windows.net/public-data/ba728f54e40a4a40b8a8b4079893ec8e/vid_final_ba728f54e40a4a40b8a8b4079893ec8e.mp4
2025-10-24 13:49:27 | INFO     | video_generation_app | save_image:37 | Saving image: 4afd5499cb0243c79bd362c67203cb22
2025-10-24 13:49:27 | INFO     | azure.core.pipeline.policies.http_logging_policy | on_request:508 | Request URL: 'https://showroomblob.blob.core.windows.net/public-data/4afd5499cb0243c79bd362c67203cb22/img_pareja_4afd5499cb0243c79bd362c67203cb22.jpg'
Request method: 'PUT'
Request headers:
    'Content-Length': '186021'
    'x-ms-blob-type': 'REDACTED'
    'x-ms-blob-content-type': 'REDACTED'
    'x-ms-version': 'REDACTED'
    'Content-Type': 'application/octet-stream'
    'Accept': 'application/xml'
    'User-Agent': 'azsdk-python-storage-blob/12.27.0 Python/3.12.10 (Windows-10-10.0.19045-SP0)'
    'x-ms-date': 'REDACTED'
    'x-ms-client-request-id': '7e79a4d2-b0cf-11f0-b47f-c85ea9bc8da0'
    'Authorization': 'REDACTED'
A body is sent with the request
2025-10-24 13:49:27 | INFO     | azure.core.pipeline.policies.http_logging_policy | on_response:554 | Response status: 201
Response headers:
    'Content-Length': '0'
    'Content-MD5': 'REDACTED'
    'Last-Modified': 'Fri, 24 Oct 2025 11:49:27 GMT'
    'ETag': '"0x8DE12F362C38944"'
    'Server': 'Windows-Azure-Blob/1.0 Microsoft-HTTPAPI/2.0'
    'x-ms-request-id': '1961cd88-501e-001c-19dc-442976000000'
    'x-ms-client-request-id': '7e79a4d2-b0cf-11f0-b47f-c85ea9bc8da0'
    'x-ms-version': 'REDACTED'
    'x-ms-content-crc64': 'REDACTED'
    'x-ms-request-server-encrypted': 'REDACTED'
    'Date': 'Fri, 24 Oct 2025 11:49:26 GMT'
2025-10-24 13:49:30 | INFO     | video_generation_app | create_cartel_video:61 | isDemo: True
2025-10-24 13:49:30 | INFO     | video_generation_app | create_cartel_video:65 | Demo vid url: https://showroomblob.blob.core.windows.net/demo-data/cartel_vid_demo.mp4
2025-10-24 13:49:30 | INFO     | video_generation_app | create_cartel_video:73 | Generating cartel video for: Laura, Lola Demo: True
2025-10-24 13:49:31 | INFO     | azure.core.pipeline.policies.http_logging_policy | on_request:508 | Request URL: 'https://showroomblob.blob.core.windows.net/public-data/4afd5499cb0243c79bd362c67203cb22/vid_cartel_4afd5499cb0243c79bd362c67203cb22.mp4'
Request method: 'PUT'
Request headers:
    'Content-Length': '3064519'
    'x-ms-blob-type': 'REDACTED'
    'x-ms-blob-content-type': 'REDACTED'
    'x-ms-version': 'REDACTED'
    'Content-Type': 'application/octet-stream'
    'Accept': 'application/xml'
    'User-Agent': 'azsdk-python-storage-blob/12.27.0 Python/3.12.10 (Windows-10-10.0.19045-SP0)'
    'x-ms-date': 'REDACTED'
    'x-ms-client-request-id': '80cb15f9-b0cf-11f0-91d0-c85ea9bc8da0'
    'Authorization': 'REDACTED'
A body is sent with the request
2025-10-24 13:49:31 | INFO     | azure.core.pipeline.policies.http_logging_policy | on_response:554 | Response status: 201
Response headers:
    'Content-Length': '0'
    'Content-MD5': 'REDACTED'
    'Last-Modified': 'Fri, 24 Oct 2025 11:49:31 GMT'
    'ETag': '"0x8DE12F365358418"'
    'Server': 'Windows-Azure-Blob/1.0 Microsoft-HTTPAPI/2.0'
    'x-ms-request-id': '47f8b965-e01e-0009-50dc-443ec5000000'
    'x-ms-client-request-id': '80cb15f9-b0cf-11f0-91d0-c85ea9bc8da0'
    'x-ms-version': 'REDACTED'
    'x-ms-content-crc64': 'REDACTED'
    'x-ms-request-server-encrypted': 'REDACTED'
    'Date': 'Fri, 24 Oct 2025 11:49:31 GMT'
2025-10-24 13:49:32 | INFO     | azure.core.pipeline.policies.http_logging_policy | on_request:508 | Request URL: 'https://showroomblob.blob.core.windows.net/public-data/4afd5499cb0243c79bd362c67203cb22/vid_pareja_4afd5499cb0243c79bd362c67203cb22.mp4'
Request method: 'PUT'
Request headers:
    'Content-Length': '3537050'
    'x-ms-blob-type': 'REDACTED'
    'x-ms-blob-content-type': 'REDACTED'
    'x-ms-version': 'REDACTED'
    'Content-Type': 'application/octet-stream'
    'Accept': 'application/xml'
    'User-Agent': 'azsdk-python-storage-blob/12.27.0 Python/3.12.10 (Windows-10-10.0.19045-SP0)'
    'x-ms-date': 'REDACTED'
    'x-ms-client-request-id': '8196260a-b0cf-11f0-8daf-c85ea9bc8da0'
    'Authorization': 'REDACTED'
A body is sent with the request
2025-10-24 13:49:33 | INFO     | azure.core.pipeline.policies.http_logging_policy | on_response:554 | Response status: 201
Response headers:
    'Content-Length': '0'
    'Content-MD5': 'REDACTED'
    'Last-Modified': 'Fri, 24 Oct 2025 11:49:33 GMT'
    'ETag': '"0x8DE12F3660B2F00"'
    'Server': 'Windows-Azure-Blob/1.0 Microsoft-HTTPAPI/2.0'
    'x-ms-request-id': '92afbd84-e01e-0019-0ddc-44fbad000000'
    'x-ms-client-request-id': '8196260a-b0cf-11f0-8daf-c85ea9bc8da0'
    'x-ms-version': 'REDACTED'
    'x-ms-content-crc64': 'REDACTED'
    'x-ms-request-server-encrypted': 'REDACTED'
    'Date': 'Fri, 24 Oct 2025 11:49:33 GMT'
2025-10-24 13:52:14 | INFO     | video_generation_app | create_cartel_video:61 | isDemo: True
2025-10-24 13:52:14 | INFO     | video_generation_app | create_cartel_video:65 | Demo vid url: https://showroomblob.blob.core.windows.net/demo-data/cartel_vid_demo.mp4
2025-10-24 13:52:14 | INFO     | video_generation_app | create_cartel_video:73 | Generating cartel video for: Laura, Lola Demo: True
2025-10-24 13:52:15 | INFO     | azure.core.pipeline.policies.http_logging_policy | on_request:508 | Request URL: 'https://showroomblob.blob.core.windows.net/public-data/4afd5499cb0243c79bd362c67203cb22/vid_pareja_4afd5499cb0243c79bd362c67203cb22.mp4'
Request method: 'PUT'
Request headers:
    'Content-Length': '3537050'
    'x-ms-blob-type': 'REDACTED'
    'x-ms-blob-content-type': 'REDACTED'
    'x-ms-version': 'REDACTED'
    'Content-Type': 'application/octet-stream'
    'Accept': 'application/xml'
    'User-Agent': 'azsdk-python-storage-blob/12.27.0 Python/3.12.10 (Windows-10-10.0.19045-SP0)'
    'x-ms-date': 'REDACTED'
    'x-ms-client-request-id': 'e2c0463f-b0cf-11f0-ab3e-c85ea9bc8da0'
    'Authorization': 'REDACTED'
A body is sent with the request
2025-10-24 13:52:16 | INFO     | azure.core.pipeline.policies.http_logging_policy | on_response:554 | Response status: 201
Response headers:
    'Content-Length': '0'
    'Content-MD5': 'REDACTED'
    'Last-Modified': 'Fri, 24 Oct 2025 11:52:16 GMT'
    'ETag': '"0x8DE12F3C7355F98"'
    'Server': 'Windows-Azure-Blob/1.0 Microsoft-HTTPAPI/2.0'
    'x-ms-request-id': '65c4b3a2-201e-0006-57dc-4448a9000000'
    'x-ms-client-request-id': 'e2c0463f-b0cf-11f0-ab3e-c85ea9bc8da0'
    'x-ms-version': 'REDACTED'
    'x-ms-content-crc64': 'REDACTED'
    'x-ms-request-server-encrypted': 'REDACTED'
    'Date': 'Fri, 24 Oct 2025 11:52:15 GMT'
2025-10-24 13:52:18 | INFO     | azure.core.pipeline.policies.http_logging_policy | on_request:508 | Request URL: 'https://showroomblob.blob.core.windows.net/public-data/4afd5499cb0243c79bd362c67203cb22/vid_cartel_4afd5499cb0243c79bd362c67203cb22.mp4'
Request method: 'PUT'
Request headers:
    'Content-Length': '3064519'
    'x-ms-blob-type': 'REDACTED'
    'x-ms-blob-content-type': 'REDACTED'
    'x-ms-version': 'REDACTED'
    'Content-Type': 'application/octet-stream'
    'Accept': 'application/xml'
    'User-Agent': 'azsdk-python-storage-blob/12.27.0 Python/3.12.10 (Windows-10-10.0.19045-SP0)'
    'x-ms-date': 'REDACTED'
    'x-ms-client-request-id': 'e44cbd37-b0cf-11f0-b0b0-c85ea9bc8da0'
    'Authorization': 'REDACTED'
A body is sent with the request
2025-10-24 13:52:18 | INFO     | azure.core.pipeline.policies.http_logging_policy | on_response:554 | Response status: 201
Response headers:
    'Content-Length': '0'
    'Content-MD5': 'REDACTED'
    'Last-Modified': 'Fri, 24 Oct 2025 11:52:18 GMT'
    'ETag': '"0x8DE12F3C8B31AD8"'
    'Server': 'Windows-Azure-Blob/1.0 Microsoft-HTTPAPI/2.0'
    'x-ms-request-id': 'e5a9f829-501e-0023-27dc-44e1d5000000'
    'x-ms-client-request-id': 'e44cbd37-b0cf-11f0-b0b0-c85ea9bc8da0'
    'x-ms-version': 'REDACTED'
    'x-ms-content-crc64': 'REDACTED'
    'x-ms-request-server-encrypted': 'REDACTED'
    'Date': 'Fri, 24 Oct 2025 11:52:18 GMT'
2025-10-24 13:53:47 | INFO     | video_generation_app | create_cartel_video:61 | isDemo: True
2025-10-24 13:53:47 | INFO     | video_generation_app | create_cartel_video:65 | Demo vid url: https://showroomblob.blob.core.windows.net/demo-data/cartel_vid_demo.mp4
2025-10-24 13:53:47 | INFO     | video_generation_app | create_cartel_video:73 | Generating cartel video for: Laura, Lola Demo: True
2025-10-24 13:53:48 | INFO     | azure.core.pipeline.policies.http_logging_policy | on_request:508 | Request URL: 'https://showroomblob.blob.core.windows.net/public-data/4afd5499cb0243c79bd362c67203cb22/vid_cartel_4afd5499cb0243c79bd362c67203cb22.mp4'
Request method: 'PUT'
Request headers:
    'Content-Length': '3064519'
    'x-ms-blob-type': 'REDACTED'
    'x-ms-blob-content-type': 'REDACTED'
    'x-ms-version': 'REDACTED'
    'Content-Type': 'application/octet-stream'
    'Accept': 'application/xml'
    'User-Agent': 'azsdk-python-storage-blob/12.27.0 Python/3.12.10 (Windows-10-10.0.19045-SP0)'
    'x-ms-date': 'REDACTED'
    'x-ms-client-request-id': '19ed6554-b0d0-11f0-8021-c85ea9bc8da0'
    'Authorization': 'REDACTED'
A body is sent with the request
2025-10-24 13:53:48 | INFO     | azure.core.pipeline.policies.http_logging_policy | on_response:554 | Response status: 201
Response headers:
    'Content-Length': '0'
    'Content-MD5': 'REDACTED'
    'Last-Modified': 'Fri, 24 Oct 2025 11:53:48 GMT'
    'ETag': '"0x8DE12F3FE738AC8"'
    'Server': 'Windows-Azure-Blob/1.0 Microsoft-HTTPAPI/2.0'
    'x-ms-request-id': '1f088220-301e-000a-26dc-44dfa1000000'
    'x-ms-client-request-id': '19ed6554-b0d0-11f0-8021-c85ea9bc8da0'
    'x-ms-version': 'REDACTED'
    'x-ms-content-crc64': 'REDACTED'
    'x-ms-request-server-encrypted': 'REDACTED'
    'Date': 'Fri, 24 Oct 2025 11:53:48 GMT'
2025-10-24 13:53:48 | INFO     | azure.core.pipeline.policies.http_logging_policy | on_request:508 | Request URL: 'https://showroomblob.blob.core.windows.net/public-data/4afd5499cb0243c79bd362c67203cb22/vid_pareja_4afd5499cb0243c79bd362c67203cb22.mp4'
Request method: 'PUT'
Request headers:
    'Content-Length': '3537050'
    'x-ms-blob-type': 'REDACTED'
    'x-ms-blob-content-type': 'REDACTED'
    'x-ms-version': 'REDACTED'
    'Content-Type': 'application/octet-stream'
    'Accept': 'application/xml'
    'User-Agent': 'azsdk-python-storage-blob/12.27.0 Python/3.12.10 (Windows-10-10.0.19045-SP0)'
    'x-ms-date': 'REDACTED'
    'x-ms-client-request-id': '1a3ed407-b0d0-11f0-931d-c85ea9bc8da0'
    'Authorization': 'REDACTED'
A body is sent with the request
2025-10-24 13:53:49 | INFO     | azure.core.pipeline.policies.http_logging_policy | on_response:554 | Response status: 201
Response headers:
    'Content-Length': '0'
    'Content-MD5': 'REDACTED'
    'Last-Modified': 'Fri, 24 Oct 2025 11:53:49 GMT'
    'ETag': '"0x8DE12F3FECC68B0"'
    'Server': 'Windows-Azure-Blob/1.0 Microsoft-HTTPAPI/2.0'
    'x-ms-request-id': '9419343f-b01e-0004-6edc-44f611000000'
    'x-ms-client-request-id': '1a3ed407-b0d0-11f0-931d-c85ea9bc8da0'
    'x-ms-version': 'REDACTED'
    'x-ms-content-crc64': 'REDACTED'
    'x-ms-request-server-encrypted': 'REDACTED'
    'Date': 'Fri, 24 Oct 2025 11:53:49 GMT'
2025-10-24 13:55:01 | INFO     | video_generation_app | generate_final_video:111 | Generando video final con entradas: https://showroomblob.blob.core.windows.net/public-data/4afd5499cb0243c79bd362c67203cb22/vid_cartel_4afd5499cb0243c79bd362c67203cb22.mp4, https://showroomblob.blob.core.windows.net/public-data/4afd5499cb0243c79bd362c67203cb22/vid_pareja_4afd5499cb0243c79bd362c67203cb22.mp4
2025-10-24 13:55:01 | INFO     | video_generation_app | _download_to_dir:20 | Downloading URL to dir
2025-10-24 13:55:01 | INFO     | video_generation_app | _download_to_dir:56 | Saving to path: temp_files\input_b2c561f6-bb33-42b7-ac31-4af896ef0937.mp4
2025-10-24 13:55:02 | INFO     | video_generation_app | _download_to_dir:20 | Downloading URL to dir
2025-10-24 13:55:02 | INFO     | video_generation_app | _download_to_dir:56 | Saving to path: temp_files\input_2e140e7b-2046-40b1-9a2d-59cd78444120.mp4
2025-10-24 13:55:02 | INFO     | video_generation_app | compose_final:61 | Usando videos fijos: %s static/videos\nupzial1.mp4, %s static/videos\nupzial3.mp4, %s static/videos\nupzial4.mp4
2025-10-24 13:55:02 | INFO     | video_generation_app | compose_final:69 | EMPEZAMOS!!
2025-10-24 13:55:02 | INFO     | video_generation_app | compose_final:73 | cpli1 ok
2025-10-24 13:55:03 | INFO     | video_generation_app | compose_final:83 | cpli pareja ok
2025-10-24 13:55:04 | INFO     | video_generation_app | compose_final:88 | cpli2 ok
2025-10-24 13:55:05 | INFO     | video_generation_app | compose_final:98 | cpli cartel ok
2025-10-24 13:55:06 | INFO     | video_generation_app | compose_final:104 | clip3  ok
2025-10-24 13:55:07 | INFO     | video_generation_app | compose_final:122 | llamo a concatenate_videoclips
2025-10-24 13:55:07 | INFO     | video_generation_app | compose_final:126 | tenemos final_clip
2025-10-24 13:55:07 | INFO     | video_generation_app | compose_final:136 | efectos ok
2025-10-24 13:55:07 | INFO     | video_generation_app | compose_final:141 | audio ok
2025-10-24 13:55:07 | INFO     | video_generation_app | compose_final:145 | guardo en temp
2025-10-24 13:57:48 | INFO     | video_generation_app | compose_final:155 | temp ok
2025-10-24 13:57:48 | INFO     | azure.core.pipeline.policies.http_logging_policy | on_request:508 | Request URL: 'https://showroomblob.blob.core.windows.net/public-data/4afd5499cb0243c79bd362c67203cb22/vid_final_4afd5499cb0243c79bd362c67203cb22.mp4'
Request method: 'PUT'
Request headers:
    'Content-Length': '7135316'
    'x-ms-blob-type': 'REDACTED'
    'x-ms-blob-content-type': 'REDACTED'
    'x-ms-version': 'REDACTED'
    'Content-Type': 'application/octet-stream'
    'Accept': 'application/xml'
    'User-Agent': 'azsdk-python-storage-blob/12.27.0 Python/3.12.10 (Windows-10-10.0.19045-SP0)'
    'x-ms-date': 'REDACTED'
    'x-ms-client-request-id': 'a92e70fc-b0d0-11f0-a7f4-c85ea9bc8da0'
    'Authorization': 'REDACTED'
A body is sent with the request
2025-10-24 13:57:49 | INFO     | azure.core.pipeline.policies.http_logging_policy | on_response:554 | Response status: 201
Response headers:
    'Content-Length': '0'
    'Content-MD5': 'REDACTED'
    'Last-Modified': 'Fri, 24 Oct 2025 11:57:49 GMT'
    'ETag': '"0x8DE12F48DD335AC"'
    'Server': 'Windows-Azure-Blob/1.0 Microsoft-HTTPAPI/2.0'
    'x-ms-request-id': '4dcb4a26-501e-000c-7cdd-44ec1e000000'
    'x-ms-client-request-id': 'a92e70fc-b0d0-11f0-a7f4-c85ea9bc8da0'
    'x-ms-version': 'REDACTED'
    'x-ms-content-crc64': 'REDACTED'
    'x-ms-request-server-encrypted': 'REDACTED'
    'Date': 'Fri, 24 Oct 2025 11:57:48 GMT'
2025-10-24 13:57:49 | INFO     | video_generation_app | compose_final:173 | Video final subido a blob storage: https://showroomblob.blob.core.windows.net/public-data/4afd5499cb0243c79bd362c67203cb22/vid_final_4afd5499cb0243c79bd362c67203cb22.mp4
2025-10-24 13:57:49 | INFO     | video_generation_app | send_power_automate:77 | Calling Power Automate API
2025-10-24 13:57:50 | INFO     | video_generation_app | send_power_automate:96 | Power Automate API call successful
2025-10-24 13:57:50 | INFO     | video_generation_app | generate_final_video:128 | Video final generado en: https://showroomblob.blob.core.windows.net/public-data/4afd5499cb0243c79bd362c67203cb22/vid_final_4afd5499cb0243c79bd362c67203cb22.mp4
2025-10-24 14:01:37 | INFO     | video_generation_app | <module>:41 | Logger configurado correctamente.
2025-10-24 14:03:02 | INFO     | video_generation_app | save_image:37 | Saving image: 668d887caa1d4eab8a0fea8fa66a6413
2025-10-24 14:03:02 | INFO     | azure.core.pipeline.policies.http_logging_policy | on_request:508 | Request URL: 'https://showroomblob.blob.core.windows.net/public-data/668d887caa1d4eab8a0fea8fa66a6413/img_pareja_668d887caa1d4eab8a0fea8fa66a6413.jpg'
Request method: 'PUT'
Request headers:
    'Content-Length': '186021'
    'x-ms-blob-type': 'REDACTED'
    'x-ms-blob-content-type': 'REDACTED'
    'x-ms-version': 'REDACTED'
    'Content-Type': 'application/octet-stream'
    'Accept': 'application/xml'
    'User-Agent': 'azsdk-python-storage-blob/12.27.0 Python/3.12.10 (Windows-10-10.0.19045-SP0)'
    'x-ms-date': 'REDACTED'
    'x-ms-client-request-id': '643fb33c-b0d1-11f0-a1e5-c85ea9bc8da0'
    'Authorization': 'REDACTED'
A body is sent with the request
2025-10-24 14:03:02 | INFO     | azure.core.pipeline.policies.http_logging_policy | on_response:554 | Response status: 201
Response headers:
    'Content-Length': '0'
    'Content-MD5': 'REDACTED'
    'Last-Modified': 'Fri, 24 Oct 2025 12:03:02 GMT'
    'ETag': '"0x8DE12F548977734"'
    'Server': 'Windows-Azure-Blob/1.0 Microsoft-HTTPAPI/2.0'
    'x-ms-request-id': '44726bcf-401e-002f-75de-4476dd000000'
    'x-ms-client-request-id': '643fb33c-b0d1-11f0-a1e5-c85ea9bc8da0'
    'x-ms-version': 'REDACTED'
    'x-ms-content-crc64': 'REDACTED'
    'x-ms-request-server-encrypted': 'REDACTED'
    'Date': 'Fri, 24 Oct 2025 12:03:02 GMT'
2025-10-24 14:03:07 | INFO     | video_generation_app | create_cartel_video:61 | isDemo: True
2025-10-24 14:03:07 | INFO     | video_generation_app | create_cartel_video:65 | Demo vid url: https://showroomblob.blob.core.windows.net/demo-data/cartel_vid_demo.mp4
2025-10-24 14:03:07 | INFO     | video_generation_app | create_cartel_video:73 | Generating cartel video for: Laura, Lola Demo: True
2025-10-24 14:03:08 | INFO     | azure.core.pipeline.policies.http_logging_policy | on_request:508 | Request URL: 'https://showroomblob.blob.core.windows.net/public-data/668d887caa1d4eab8a0fea8fa66a6413/vid_cartel_668d887caa1d4eab8a0fea8fa66a6413.mp4'
Request method: 'PUT'
Request headers:
    'Content-Length': '3064519'
    'x-ms-blob-type': 'REDACTED'
    'x-ms-blob-content-type': 'REDACTED'
    'x-ms-version': 'REDACTED'
    'Content-Type': 'application/octet-stream'
    'Accept': 'application/xml'
    'User-Agent': 'azsdk-python-storage-blob/12.27.0 Python/3.12.10 (Windows-10-10.0.19045-SP0)'
    'x-ms-date': 'REDACTED'
    'x-ms-client-request-id': '67cd9946-b0d1-11f0-a625-c85ea9bc8da0'
    'Authorization': 'REDACTED'
A body is sent with the request
2025-10-24 14:03:08 | INFO     | azure.core.pipeline.policies.http_logging_policy | on_response:554 | Response status: 201
Response headers:
    'Content-Length': '0'
    'Content-MD5': 'REDACTED'
    'Last-Modified': 'Fri, 24 Oct 2025 12:03:08 GMT'
    'ETag': '"0x8DE12F54C4882D8"'
    'Server': 'Windows-Azure-Blob/1.0 Microsoft-HTTPAPI/2.0'
    'x-ms-request-id': 'feab545b-d01e-0012-56de-4400c6000000'
    'x-ms-client-request-id': '67cd9946-b0d1-11f0-a625-c85ea9bc8da0'
    'x-ms-version': 'REDACTED'
    'x-ms-content-crc64': 'REDACTED'
    'x-ms-request-server-encrypted': 'REDACTED'
    'Date': 'Fri, 24 Oct 2025 12:03:08 GMT'
2025-10-24 14:03:10 | INFO     | azure.core.pipeline.policies.http_logging_policy | on_request:508 | Request URL: 'https://showroomblob.blob.core.windows.net/public-data/668d887caa1d4eab8a0fea8fa66a6413/vid_pareja_668d887caa1d4eab8a0fea8fa66a6413.mp4'
Request method: 'PUT'
Request headers:
    'Content-Length': '3537050'
    'x-ms-blob-type': 'REDACTED'
    'x-ms-blob-content-type': 'REDACTED'
    'x-ms-version': 'REDACTED'
    'Content-Type': 'application/octet-stream'
    'Accept': 'application/xml'
    'User-Agent': 'azsdk-python-storage-blob/12.27.0 Python/3.12.10 (Windows-10-10.0.19045-SP0)'
    'x-ms-date': 'REDACTED'
    'x-ms-client-request-id': '69299163-b0d1-11f0-b8f8-c85ea9bc8da0'
    'Authorization': 'REDACTED'
A body is sent with the request
2025-10-24 14:03:11 | INFO     | azure.core.pipeline.policies.http_logging_policy | on_response:554 | Response status: 201
Response headers:
    'Content-Length': '0'
    'Content-MD5': 'REDACTED'
    'Last-Modified': 'Fri, 24 Oct 2025 12:03:11 GMT'
    'ETag': '"0x8DE12F54DC05058"'
    'Server': 'Windows-Azure-Blob/1.0 Microsoft-HTTPAPI/2.0'
    'x-ms-request-id': 'e244be87-601e-0028-03de-441abe000000'
    'x-ms-client-request-id': '69299163-b0d1-11f0-b8f8-c85ea9bc8da0'
    'x-ms-version': 'REDACTED'
    'x-ms-content-crc64': 'REDACTED'
    'x-ms-request-server-encrypted': 'REDACTED'
    'Date': 'Fri, 24 Oct 2025 12:03:11 GMT'
2025-10-24 14:03:18 | INFO     | video_generation_app | generate_final_video:111 | Generando video final con entradas: https://showroomblob.blob.core.windows.net/public-data/ba728f54e40a4a40b8a8b4079893ec8e/img_cartel_ba728f54e40a4a40b8a8b4079893ec8e.jpg, https://showroomblob.blob.core.windows.net/public-data/668d887caa1d4eab8a0fea8fa66a6413/vid_pareja_668d887caa1d4eab8a0fea8fa66a6413.mp4
2025-10-24 14:03:18 | INFO     | video_generation_app | _download_to_dir:20 | Downloading URL to dir
2025-10-24 14:03:18 | INFO     | video_generation_app | _download_to_dir:56 | Saving to path: temp_files\input_bbaf67e8-63e3-4750-bb82-d537d855c0f1.jpg
2025-10-24 14:03:18 | INFO     | video_generation_app | _download_to_dir:20 | Downloading URL to dir
2025-10-24 14:03:19 | INFO     | video_generation_app | _download_to_dir:56 | Saving to path: temp_files\input_e03af389-f414-4f7c-97f3-1810979d8e64.mp4
2025-10-24 14:03:20 | INFO     | video_generation_app | compose_final:61 | Usando videos fijos: %s static/videos\nupzial1.mp4, %s static/videos\nupzial3.mp4, %s static/videos\nupzial4.mp4
2025-10-24 14:03:20 | INFO     | video_generation_app | compose_final:69 | EMPEZAMOS!!
2025-10-24 14:03:21 | INFO     | video_generation_app | compose_final:73 | cpli1 ok
2025-10-24 14:03:22 | INFO     | video_generation_app | compose_final:83 | cpli pareja ok
2025-10-24 14:03:23 | INFO     | video_generation_app | compose_final:88 | cpli2 ok
2025-10-24 14:08:06 | INFO     | video_generation_app | <module>:41 | Logger configurado correctamente.
2025-10-24 14:08:16 | INFO     | video_generation_app | save_image:37 | Saving image: 2eda3a5bd5db40cb8e9f04638fa88733
2025-10-24 14:08:16 | INFO     | azure.core.pipeline.policies.http_logging_policy | on_request:508 | Request URL: 'https://showroomblob.blob.core.windows.net/public-data/2eda3a5bd5db40cb8e9f04638fa88733/img_pareja_2eda3a5bd5db40cb8e9f04638fa88733.jpg'
Request method: 'PUT'
Request headers:
    'Content-Length': '186021'
    'x-ms-blob-type': 'REDACTED'
    'x-ms-blob-content-type': 'REDACTED'
    'x-ms-version': 'REDACTED'
    'Content-Type': 'application/octet-stream'
    'Accept': 'application/xml'
    'User-Agent': 'azsdk-python-storage-blob/12.27.0 Python/3.12.10 (Windows-10-10.0.19045-SP0)'
    'x-ms-date': 'REDACTED'
    'x-ms-client-request-id': '1f519302-b0d2-11f0-836b-c85ea9bc8da0'
    'Authorization': 'REDACTED'
A body is sent with the request
2025-10-24 14:08:16 | INFO     | azure.core.pipeline.policies.http_logging_policy | on_response:554 | Response status: 201
Response headers:
    'Content-Length': '0'
    'Content-MD5': 'REDACTED'
    'Last-Modified': 'Fri, 24 Oct 2025 12:08:16 GMT'
    'ETag': '"0x8DE12F603C2C9F0"'
    'Server': 'Windows-Azure-Blob/1.0 Microsoft-HTTPAPI/2.0'
    'x-ms-request-id': '9419c9c5-b01e-0004-17de-44f611000000'
    'x-ms-client-request-id': '1f519302-b0d2-11f0-836b-c85ea9bc8da0'
    'x-ms-version': 'REDACTED'
    'x-ms-content-crc64': 'REDACTED'
    'x-ms-request-server-encrypted': 'REDACTED'
    'Date': 'Fri, 24 Oct 2025 12:08:16 GMT'
2025-10-24 14:08:20 | INFO     | video_generation_app | create_cartel_video:61 | isDemo: True
2025-10-24 14:08:20 | INFO     | video_generation_app | create_cartel_video:65 | Demo vid url: https://showroomblob.blob.core.windows.net/demo-data/cartel_vid_demo.mp4
2025-10-24 14:08:20 | INFO     | video_generation_app | create_cartel_video:73 | Generating cartel video for: Laura, Lola Demo: True
2025-10-24 14:08:21 | INFO     | azure.core.pipeline.policies.http_logging_policy | on_request:508 | Request URL: 'https://showroomblob.blob.core.windows.net/public-data/2eda3a5bd5db40cb8e9f04638fa88733/vid_cartel_2eda3a5bd5db40cb8e9f04638fa88733.mp4'
Request method: 'PUT'
Request headers:
    'Content-Length': '3064519'
    'x-ms-blob-type': 'REDACTED'
    'x-ms-blob-content-type': 'REDACTED'
    'x-ms-version': 'REDACTED'
    'Content-Type': 'application/octet-stream'
    'Accept': 'application/xml'
    'User-Agent': 'azsdk-python-storage-blob/12.27.0 Python/3.12.10 (Windows-10-10.0.19045-SP0)'
    'x-ms-date': 'REDACTED'
    'x-ms-client-request-id': '2250e99c-b0d2-11f0-b3fe-c85ea9bc8da0'
    'Authorization': 'REDACTED'
A body is sent with the request
2025-10-24 14:08:22 | INFO     | azure.core.pipeline.policies.http_logging_policy | on_response:554 | Response status: 201
Response headers:
    'Content-Length': '0'
    'Content-MD5': 'REDACTED'
    'Last-Modified': 'Fri, 24 Oct 2025 12:08:22 GMT'
    'ETag': '"0x8DE12F606F62824"'
    'Server': 'Windows-Azure-Blob/1.0 Microsoft-HTTPAPI/2.0'
    'x-ms-request-id': 'e5aa91e4-501e-0023-45de-44e1d5000000'
    'x-ms-client-request-id': '2250e99c-b0d2-11f0-b3fe-c85ea9bc8da0'
    'x-ms-version': 'REDACTED'
    'x-ms-content-crc64': 'REDACTED'
    'x-ms-request-server-encrypted': 'REDACTED'
    'Date': 'Fri, 24 Oct 2025 12:08:21 GMT'
2025-10-24 14:08:22 | INFO     | azure.core.pipeline.policies.http_logging_policy | on_request:508 | Request URL: 'https://showroomblob.blob.core.windows.net/public-data/2eda3a5bd5db40cb8e9f04638fa88733/vid_pareja_2eda3a5bd5db40cb8e9f04638fa88733.mp4'
Request method: 'PUT'
Request headers:
    'Content-Length': '3537050'
    'x-ms-blob-type': 'REDACTED'
    'x-ms-blob-content-type': 'REDACTED'
    'x-ms-version': 'REDACTED'
    'Content-Type': 'application/octet-stream'
    'Accept': 'application/xml'
    'User-Agent': 'azsdk-python-storage-blob/12.27.0 Python/3.12.10 (Windows-10-10.0.19045-SP0)'
    'x-ms-date': 'REDACTED'
    'x-ms-client-request-id': '22ca6d94-b0d2-11f0-88c4-c85ea9bc8da0'
    'Authorization': 'REDACTED'
A body is sent with the request
2025-10-24 14:08:22 | INFO     | azure.core.pipeline.policies.http_logging_policy | on_response:554 | Response status: 201
Response headers:
    'Content-Length': '0'
    'Content-MD5': 'REDACTED'
    'Last-Modified': 'Fri, 24 Oct 2025 12:08:22 GMT'
    'ETag': '"0x8DE12F60775D504"'
    'Server': 'Windows-Azure-Blob/1.0 Microsoft-HTTPAPI/2.0'
    'x-ms-request-id': '78468b8c-301e-0025-02de-44d26a000000'
    'x-ms-client-request-id': '22ca6d94-b0d2-11f0-88c4-c85ea9bc8da0'
    'x-ms-version': 'REDACTED'
    'x-ms-content-crc64': 'REDACTED'
    'x-ms-request-server-encrypted': 'REDACTED'
    'Date': 'Fri, 24 Oct 2025 12:08:22 GMT'
2025-10-24 14:08:24 | INFO     | video_generation_app | generate_final_video:111 | Generando video final con entradas: https://showroomblob.blob.core.windows.net/public-data/ba728f54e40a4a40b8a8b4079893ec8e/img_cartel_ba728f54e40a4a40b8a8b4079893ec8e.jpg, https://showroomblob.blob.core.windows.net/public-data/2eda3a5bd5db40cb8e9f04638fa88733/vid_pareja_2eda3a5bd5db40cb8e9f04638fa88733.mp4
2025-10-24 14:08:24 | INFO     | video_generation_app | _download_to_dir:20 | Downloading URL to dir
2025-10-24 14:08:24 | INFO     | video_generation_app | _download_to_dir:56 | Saving to path: temp_files\input_982ae6c0-c0de-4e2c-995d-146c0d85ff7b.jpg
2025-10-24 14:08:25 | INFO     | video_generation_app | _download_to_dir:20 | Downloading URL to dir
2025-10-24 14:08:25 | INFO     | video_generation_app | _download_to_dir:56 | Saving to path: temp_files\input_76478197-1d74-41f9-952b-95fbd98af3a1.mp4
2025-10-24 14:08:26 | INFO     | video_generation_app | compose_final:61 | Usando videos fijos: %s static/videos\nupzial1.mp4, %s static/videos\nupzial3.mp4, %s static/videos\nupzial4.mp4
2025-10-24 14:08:26 | INFO     | video_generation_app | compose_final:69 | EMPEZAMOS!!
2025-10-24 14:08:26 | INFO     | video_generation_app | compose_final:73 | cpli1 ok
2025-10-24 14:08:27 | INFO     | video_generation_app | compose_final:83 | cpli pareja ok
2025-10-24 14:08:28 | INFO     | video_generation_app | compose_final:88 | cpli2 ok
2025-10-24 14:08:29 | INFO     | video_generation_app | compose_final:103 | cpli cartel ok
2025-10-24 14:08:29 | INFO     | video_generation_app | compose_final:109 | clip3  ok
2025-10-24 14:08:30 | INFO     | video_generation_app | compose_final:127 | llamo a concatenate_videoclips
2025-10-24 14:08:30 | INFO     | video_generation_app | compose_final:131 | tenemos final_clip
2025-10-24 14:08:30 | INFO     | video_generation_app | compose_final:141 | efectos ok
2025-10-24 14:09:50 | INFO     | video_generation_app | <module>:41 | Logger configurado correctamente.
2025-10-24 14:09:53 | INFO     | video_generation_app | create_cartel_video:61 | isDemo: True
2025-10-24 14:09:53 | INFO     | video_generation_app | create_cartel_video:65 | Demo vid url: https://showroomblob.blob.core.windows.net/demo-data/cartel_vid_demo.mp4
2025-10-24 14:09:53 | INFO     | video_generation_app | create_cartel_video:73 | Generating cartel video for: Laura, Lola Demo: True
2025-10-24 14:09:54 | INFO     | azure.core.pipeline.policies.http_logging_policy | on_request:508 | Request URL: 'https://showroomblob.blob.core.windows.net/public-data/2eda3a5bd5db40cb8e9f04638fa88733/vid_cartel_2eda3a5bd5db40cb8e9f04638fa88733.mp4'
Request method: 'PUT'
Request headers:
    'Content-Length': '3064519'
    'x-ms-blob-type': 'REDACTED'
    'x-ms-blob-content-type': 'REDACTED'
    'x-ms-version': 'REDACTED'
    'Content-Type': 'application/octet-stream'
    'Accept': 'application/xml'
    'User-Agent': 'azsdk-python-storage-blob/12.27.0 Python/3.12.10 (Windows-10-10.0.19045-SP0)'
    'x-ms-date': 'REDACTED'
    'x-ms-client-request-id': '59f80b64-b0d2-11f0-8746-c85ea9bc8da0'
    'Authorization': 'REDACTED'
A body is sent with the request
2025-10-24 14:09:55 | INFO     | azure.core.pipeline.policies.http_logging_policy | on_response:554 | Response status: 201
Response headers:
    'Content-Length': '0'
    'Content-MD5': 'REDACTED'
    'Last-Modified': 'Fri, 24 Oct 2025 12:09:55 GMT'
    'ETag': '"0x8DE12F63E6BB014"'
    'Server': 'Windows-Azure-Blob/1.0 Microsoft-HTTPAPI/2.0'
    'x-ms-request-id': '7945b5f6-301e-001a-64df-441ac9000000'
    'x-ms-client-request-id': '59f80b64-b0d2-11f0-8746-c85ea9bc8da0'
    'x-ms-version': 'REDACTED'
    'x-ms-content-crc64': 'REDACTED'
    'x-ms-request-server-encrypted': 'REDACTED'
    'Date': 'Fri, 24 Oct 2025 12:09:54 GMT'
2025-10-24 14:09:55 | INFO     | azure.core.pipeline.policies.http_logging_policy | on_request:508 | Request URL: 'https://showroomblob.blob.core.windows.net/public-data/2eda3a5bd5db40cb8e9f04638fa88733/vid_pareja_2eda3a5bd5db40cb8e9f04638fa88733.mp4'
Request method: 'PUT'
Request headers:
    'Content-Length': '3537050'
    'x-ms-blob-type': 'REDACTED'
    'x-ms-blob-content-type': 'REDACTED'
    'x-ms-version': 'REDACTED'
    'Content-Type': 'application/octet-stream'
    'Accept': 'application/xml'
    'User-Agent': 'azsdk-python-storage-blob/12.27.0 Python/3.12.10 (Windows-10-10.0.19045-SP0)'
    'x-ms-date': 'REDACTED'
    'x-ms-client-request-id': '5a3eeeef-b0d2-11f0-9bce-c85ea9bc8da0'
    'Authorization': 'REDACTED'
A body is sent with the request
2025-10-24 14:09:55 | INFO     | azure.core.pipeline.policies.http_logging_policy | on_response:554 | Response status: 201
Response headers:
    'Content-Length': '0'
    'Content-MD5': 'REDACTED'
    'Last-Modified': 'Fri, 24 Oct 2025 12:09:55 GMT'
    'ETag': '"0x8DE12F63E98BA48"'
    'Server': 'Windows-Azure-Blob/1.0 Microsoft-HTTPAPI/2.0'
    'x-ms-request-id': 'ed7050fe-c01e-001e-1bdf-4497ce000000'
    'x-ms-client-request-id': '5a3eeeef-b0d2-11f0-9bce-c85ea9bc8da0'
    'x-ms-version': 'REDACTED'
    'x-ms-content-crc64': 'REDACTED'
    'x-ms-request-server-encrypted': 'REDACTED'
    'Date': 'Fri, 24 Oct 2025 12:09:54 GMT'
2025-10-24 14:09:57 | INFO     | video_generation_app | generate_final_video:111 | Generando video final con entradas: https://showroomblob.blob.core.windows.net/public-data/ba728f54e40a4a40b8a8b4079893ec8e/img_cartel_ba728f54e40a4a40b8a8b4079893ec8e.jpg, https://showroomblob.blob.core.windows.net/public-data/2eda3a5bd5db40cb8e9f04638fa88733/vid_pareja_2eda3a5bd5db40cb8e9f04638fa88733.mp4
2025-10-24 14:09:57 | INFO     | video_generation_app | _download_to_dir:20 | Downloading URL to dir
2025-10-24 14:09:57 | INFO     | video_generation_app | _download_to_dir:56 | Saving to path: temp_files\input_25ba5ae9-8768-46a3-84f9-1cd758d58e96.jpg
2025-10-24 14:09:58 | INFO     | video_generation_app | _download_to_dir:20 | Downloading URL to dir
2025-10-24 14:09:58 | INFO     | video_generation_app | _download_to_dir:56 | Saving to path: temp_files\input_c87faeaf-0a03-4f9f-b229-5ede9e0d047e.mp4
2025-10-24 14:09:59 | INFO     | video_generation_app | compose_final:61 | Usando videos fijos: %s static/videos\nupzial1.mp4, %s static/videos\nupzial3.mp4, %s static/videos\nupzial4.mp4
2025-10-24 14:09:59 | INFO     | video_generation_app | compose_final:69 | EMPEZAMOS!!
2025-10-24 14:09:59 | INFO     | video_generation_app | compose_final:73 | cpli1 ok
2025-10-24 14:10:00 | INFO     | video_generation_app | compose_final:83 | cpli pareja ok
2025-10-24 14:10:01 | INFO     | video_generation_app | compose_final:88 | cpli2 ok
2025-10-24 14:10:01 | INFO     | video_generation_app | compose_final:103 | cpli cartel ok
2025-10-24 14:10:02 | INFO     | video_generation_app | compose_final:109 | clip3  ok
2025-10-24 14:10:02 | INFO     | video_generation_app | compose_final:127 | llamo a concatenate_videoclips
2025-10-24 14:10:03 | INFO     | video_generation_app | compose_final:131 | tenemos final_clip
2025-10-24 14:10:03 | INFO     | video_generation_app | compose_final:141 | efectos ok
2025-10-24 14:10:03 | INFO     | video_generation_app | compose_final:146 | audio ok
2025-10-24 14:10:03 | INFO     | video_generation_app | compose_final:150 | guardo en temp
2025-10-24 14:12:09 | INFO     | video_generation_app | compose_final:160 | temp ok
2025-10-24 14:12:09 | INFO     | azure.core.pipeline.policies.http_logging_policy | on_request:508 | Request URL: 'https://showroomblob.blob.core.windows.net/public-data/2eda3a5bd5db40cb8e9f04638fa88733/vid_final_2eda3a5bd5db40cb8e9f04638fa88733.mp4'
Request method: 'PUT'
Request headers:
    'Content-Length': '6933716'
    'x-ms-blob-type': 'REDACTED'
    'x-ms-blob-content-type': 'REDACTED'
    'x-ms-version': 'REDACTED'
    'Content-Type': 'application/octet-stream'
    'Accept': 'application/xml'
    'User-Agent': 'azsdk-python-storage-blob/12.27.0 Python/3.12.10 (Windows-10-10.0.19045-SP0)'
    'x-ms-date': 'REDACTED'
    'x-ms-client-request-id': 'aa899c14-b0d2-11f0-81e1-c85ea9bc8da0'
    'Authorization': 'REDACTED'
A body is sent with the request
2025-10-24 14:12:10 | INFO     | azure.core.pipeline.policies.http_logging_policy | on_response:554 | Response status: 201
Response headers:
    'Content-Length': '0'
    'Content-MD5': 'REDACTED'
    'Last-Modified': 'Fri, 24 Oct 2025 12:12:10 GMT'
    'ETag': '"0x8DE12F68F1028F8"'
    'Server': 'Windows-Azure-Blob/1.0 Microsoft-HTTPAPI/2.0'
    'x-ms-request-id': '2fcfb51c-e01e-0026-38df-44330e000000'
    'x-ms-client-request-id': 'aa899c14-b0d2-11f0-81e1-c85ea9bc8da0'
    'x-ms-version': 'REDACTED'
    'x-ms-content-crc64': 'REDACTED'
    'x-ms-request-server-encrypted': 'REDACTED'
    'Date': 'Fri, 24 Oct 2025 12:12:10 GMT'
2025-10-24 14:12:10 | INFO     | video_generation_app | compose_final:178 | Video final subido a blob storage: https://showroomblob.blob.core.windows.net/public-data/2eda3a5bd5db40cb8e9f04638fa88733/vid_final_2eda3a5bd5db40cb8e9f04638fa88733.mp4
2025-10-24 14:12:10 | INFO     | video_generation_app | send_power_automate:77 | Calling Power Automate API
2025-10-24 14:12:11 | INFO     | video_generation_app | send_power_automate:96 | Power Automate API call successful
2025-10-24 14:12:11 | INFO     | video_generation_app | generate_final_video:128 | Video final generado en: https://showroomblob.blob.core.windows.net/public-data/2eda3a5bd5db40cb8e9f04638fa88733/vid_final_2eda3a5bd5db40cb8e9f04638fa88733.mp4
2025-10-24 14:16:22 | INFO     | video_generation_app | <module>:41 | Logger configurado correctamente.
2025-10-24 14:17:11 | INFO     | video_generation_app | <module>:41 | Logger configurado correctamente.
2025-10-24 14:17:35 | INFO     | video_generation_app | <module>:41 | Logger configurado correctamente.
2025-10-24 14:18:41 | INFO     | video_generation_app | save_image:37 | Saving image: 1df693b65ca4463a9571b854dc6b649a
2025-10-24 14:18:41 | INFO     | azure.core.pipeline.policies.http_logging_policy | on_request:508 | Request URL: 'https://showroomblob.blob.core.windows.net/public-data/1df693b65ca4463a9571b854dc6b649a/img_pareja_1df693b65ca4463a9571b854dc6b649a.jpg'
Request method: 'PUT'
Request headers:
    'Content-Length': '186021'
    'x-ms-blob-type': 'REDACTED'
    'x-ms-blob-content-type': 'REDACTED'
    'x-ms-version': 'REDACTED'
    'Content-Type': 'application/octet-stream'
    'Accept': 'application/xml'
    'User-Agent': 'azsdk-python-storage-blob/12.27.0 Python/3.12.10 (Windows-10-10.0.19045-SP0)'
    'x-ms-date': 'REDACTED'
    'x-ms-client-request-id': '9425c0fc-b0d3-11f0-b97f-c85ea9bc8da0'
    'Authorization': 'REDACTED'
A body is sent with the request
2025-10-24 14:18:42 | INFO     | azure.core.pipeline.policies.http_logging_policy | on_response:554 | Response status: 201
Response headers:
    'Content-Length': '0'
    'Content-MD5': 'REDACTED'
    'Last-Modified': 'Fri, 24 Oct 2025 12:18:42 GMT'
    'ETag': '"0x8DE12F778896F08"'
    'Server': 'Windows-Azure-Blob/1.0 Microsoft-HTTPAPI/2.0'
    'x-ms-request-id': '4f5a5c36-a01e-0027-2ae0-446cd2000000'
    'x-ms-client-request-id': '9425c0fc-b0d3-11f0-b97f-c85ea9bc8da0'
    'x-ms-version': 'REDACTED'
    'x-ms-content-crc64': 'REDACTED'
    'x-ms-request-server-encrypted': 'REDACTED'
    'Date': 'Fri, 24 Oct 2025 12:18:41 GMT'
2025-10-24 14:18:42 | INFO     | video_generation_app | send_power_automate:127 | Calling Power Automate API
2025-10-24 14:18:42 | INFO     | video_generation_app | send_power_automate:149 | Power Automate API call successful
2025-10-24 14:18:45 | INFO     | azure.core.pipeline.policies.http_logging_policy | on_request:508 | Request URL: 'https://showroomblob.blob.core.windows.net/public-data/1df693b65ca4463a9571b854dc6b649a/img_cartel_1df693b65ca4463a9571b854dc6b649a.jpg'
Request method: 'PUT'
Request headers:
    'Content-Length': '1954745'
    'x-ms-blob-type': 'REDACTED'
    'x-ms-blob-content-type': 'REDACTED'
    'x-ms-version': 'REDACTED'
    'Content-Type': 'application/octet-stream'
    'Accept': 'application/xml'
    'User-Agent': 'azsdk-python-storage-blob/12.27.0 Python/3.12.10 (Windows-10-10.0.19045-SP0)'
    'x-ms-date': 'REDACTED'
    'x-ms-client-request-id': '963f907a-b0d3-11f0-b630-c85ea9bc8da0'
    'Authorization': 'REDACTED'
A body is sent with the request
2025-10-24 14:18:46 | INFO     | azure.core.pipeline.policies.http_logging_policy | on_response:554 | Response status: 201
Response headers:
    'Content-Length': '0'
    'Content-MD5': 'REDACTED'
    'Last-Modified': 'Fri, 24 Oct 2025 12:18:46 GMT'
    'ETag': '"0x8DE12F77B3C90D8"'
    'Server': 'Windows-Azure-Blob/1.0 Microsoft-HTTPAPI/2.0'
    'x-ms-request-id': '941a37e4-b01e-0004-61e0-44f611000000'
    'x-ms-client-request-id': '963f907a-b0d3-11f0-b630-c85ea9bc8da0'
    'x-ms-version': 'REDACTED'
    'x-ms-content-crc64': 'REDACTED'
    'x-ms-request-server-encrypted': 'REDACTED'
    'Date': 'Fri, 24 Oct 2025 12:18:45 GMT'
2025-10-24 14:18:50 | INFO     | video_generation_app | create_cartel_video:61 | isDemo: True
2025-10-24 14:18:50 | INFO     | video_generation_app | create_cartel_video:65 | Demo vid url: https://showroomblob.blob.core.windows.net/demo-data/cartel_vid_demo.mp4
2025-10-24 14:18:50 | INFO     | video_generation_app | create_cartel_video:73 | Generating cartel video for: Laura, Lola Demo: True
2025-10-24 14:18:51 | INFO     | azure.core.pipeline.policies.http_logging_policy | on_request:508 | Request URL: 'https://showroomblob.blob.core.windows.net/public-data/1df693b65ca4463a9571b854dc6b649a/vid_cartel_1df693b65ca4463a9571b854dc6b649a.mp4'
Request method: 'PUT'
Request headers:
    'Content-Length': '3064519'
    'x-ms-blob-type': 'REDACTED'
    'x-ms-blob-content-type': 'REDACTED'
    'x-ms-version': 'REDACTED'
    'Content-Type': 'application/octet-stream'
    'Accept': 'application/xml'
    'User-Agent': 'azsdk-python-storage-blob/12.27.0 Python/3.12.10 (Windows-10-10.0.19045-SP0)'
    'x-ms-date': 'REDACTED'
    'x-ms-client-request-id': '99ad11a0-b0d3-11f0-afa2-c85ea9bc8da0'
    'Authorization': 'REDACTED'
A body is sent with the request
2025-10-24 14:18:51 | INFO     | azure.core.pipeline.policies.http_logging_policy | on_response:554 | Response status: 201
Response headers:
    'Content-Length': '0'
    'Content-MD5': 'REDACTED'
    'Last-Modified': 'Fri, 24 Oct 2025 12:18:51 GMT'
    'ETag': '"0x8DE12F77E520988"'
    'Server': 'Windows-Azure-Blob/1.0 Microsoft-HTTPAPI/2.0'
    'x-ms-request-id': '65c59b2b-201e-0006-6de0-4448a9000000'
    'x-ms-client-request-id': '99ad11a0-b0d3-11f0-afa2-c85ea9bc8da0'
    'x-ms-version': 'REDACTED'
    'x-ms-content-crc64': 'REDACTED'
    'x-ms-request-server-encrypted': 'REDACTED'
    'Date': 'Fri, 24 Oct 2025 12:18:51 GMT'
2025-10-24 14:18:54 | INFO     | azure.core.pipeline.policies.http_logging_policy | on_request:508 | Request URL: 'https://showroomblob.blob.core.windows.net/public-data/1df693b65ca4463a9571b854dc6b649a/vid_pareja_1df693b65ca4463a9571b854dc6b649a.mp4'
Request method: 'PUT'
Request headers:
    'Content-Length': '3537050'
    'x-ms-blob-type': 'REDACTED'
    'x-ms-blob-content-type': 'REDACTED'
    'x-ms-version': 'REDACTED'
    'Content-Type': 'application/octet-stream'
    'Accept': 'application/xml'
    'User-Agent': 'azsdk-python-storage-blob/12.27.0 Python/3.12.10 (Windows-10-10.0.19045-SP0)'
    'x-ms-date': 'REDACTED'
    'x-ms-client-request-id': '9b859dac-b0d3-11f0-8126-c85ea9bc8da0'
    'Authorization': 'REDACTED'
A body is sent with the request
2025-10-24 14:18:55 | INFO     | azure.core.pipeline.policies.http_logging_policy | on_response:554 | Response status: 201
Response headers:
    'Content-Length': '0'
    'Content-MD5': 'REDACTED'
    'Last-Modified': 'Fri, 24 Oct 2025 12:18:55 GMT'
    'ETag': '"0x8DE12F780395230"'
    'Server': 'Windows-Azure-Blob/1.0 Microsoft-HTTPAPI/2.0'
    'x-ms-request-id': '93ea935d-b01e-002b-14e0-44fbda000000'
    'x-ms-client-request-id': '9b859dac-b0d3-11f0-8126-c85ea9bc8da0'
    'x-ms-version': 'REDACTED'
    'x-ms-content-crc64': 'REDACTED'
    'x-ms-request-server-encrypted': 'REDACTED'
    'Date': 'Fri, 24 Oct 2025 12:18:54 GMT'
2025-10-24 14:18:57 | INFO     | video_generation_app | generate_final_video:111 | Generando video final con entradas: https://showroomblob.blob.core.windows.net/public-data/1df693b65ca4463a9571b854dc6b649a/img_cartel_1df693b65ca4463a9571b854dc6b649a.jpg, https://showroomblob.blob.core.windows.net/public-data/1df693b65ca4463a9571b854dc6b649a/vid_pareja_1df693b65ca4463a9571b854dc6b649a.mp4
2025-10-24 14:18:57 | INFO     | video_generation_app | _download_to_dir:20 | Downloading URL to dir
2025-10-24 14:18:57 | INFO     | video_generation_app | _download_to_dir:56 | Saving to path: temp_files\input_0763f328-38d7-4723-aa24-ebe9c12e991f.jpg
2025-10-24 14:18:57 | INFO     | video_generation_app | _download_to_dir:20 | Downloading URL to dir
2025-10-24 14:18:57 | INFO     | video_generation_app | _download_to_dir:56 | Saving to path: temp_files\input_d7eeb6b4-3e4d-4329-9351-bfae9b7887a6.mp4
2025-10-24 14:18:58 | INFO     | video_generation_app | compose_final:61 | Usando videos fijos: %s static/videos\nupzial1.mp4, %s static/videos\nupzial3.mp4, %s static/videos\nupzial4.mp4
2025-10-24 14:18:58 | INFO     | video_generation_app | compose_final:69 | EMPEZAMOS!!
2025-10-24 14:18:58 | INFO     | video_generation_app | compose_final:73 | cpli1 ok
2025-10-24 14:20:06 | INFO     | video_generation_app | <module>:41 | Logger configurado correctamente.
2025-10-24 14:20:08 | INFO     | video_generation_app | create_cartel_video:61 | isDemo: True
2025-10-24 14:20:08 | INFO     | video_generation_app | create_cartel_video:65 | Demo vid url: https://showroomblob.blob.core.windows.net/demo-data/cartel_vid_demo.mp4
2025-10-24 14:20:08 | INFO     | video_generation_app | create_cartel_video:73 | Generating cartel video for: Laura, Lola Demo: True
2025-10-24 14:20:08 | INFO     | azure.core.pipeline.policies.http_logging_policy | on_request:508 | Request URL: 'https://showroomblob.blob.core.windows.net/public-data/1df693b65ca4463a9571b854dc6b649a/vid_cartel_1df693b65ca4463a9571b854dc6b649a.mp4'
Request method: 'PUT'
Request headers:
    'Content-Length': '3064519'
    'x-ms-blob-type': 'REDACTED'
    'x-ms-blob-content-type': 'REDACTED'
    'x-ms-version': 'REDACTED'
    'Content-Type': 'application/octet-stream'
    'Accept': 'application/xml'
    'User-Agent': 'azsdk-python-storage-blob/12.27.0 Python/3.12.10 (Windows-10-10.0.19045-SP0)'
    'x-ms-date': 'REDACTED'
    'x-ms-client-request-id': 'c7e476c2-b0d3-11f0-80bd-c85ea9bc8da0'
    'Authorization': 'REDACTED'
A body is sent with the request
2025-10-24 14:20:08 | INFO     | azure.core.pipeline.policies.http_logging_policy | on_response:554 | Response status: 201
Response headers:
    'Content-Length': '0'
    'Content-MD5': 'REDACTED'
    'Last-Modified': 'Fri, 24 Oct 2025 12:20:08 GMT'
    'ETag': '"0x8DE12F7AC42F404"'
    'Server': 'Windows-Azure-Blob/1.0 Microsoft-HTTPAPI/2.0'
    'x-ms-request-id': 'b96024fc-c01e-0021-80e0-445f6d000000'
    'x-ms-client-request-id': 'c7e476c2-b0d3-11f0-80bd-c85ea9bc8da0'
    'x-ms-version': 'REDACTED'
    'x-ms-content-crc64': 'REDACTED'
    'x-ms-request-server-encrypted': 'REDACTED'
    'Date': 'Fri, 24 Oct 2025 12:20:08 GMT'
2025-10-24 14:20:09 | INFO     | azure.core.pipeline.policies.http_logging_policy | on_request:508 | Request URL: 'https://showroomblob.blob.core.windows.net/public-data/1df693b65ca4463a9571b854dc6b649a/vid_pareja_1df693b65ca4463a9571b854dc6b649a.mp4'
Request method: 'PUT'
Request headers:
    'Content-Length': '3537050'
    'x-ms-blob-type': 'REDACTED'
    'x-ms-blob-content-type': 'REDACTED'
    'x-ms-version': 'REDACTED'
    'Content-Type': 'application/octet-stream'
    'Accept': 'application/xml'
    'User-Agent': 'azsdk-python-storage-blob/12.27.0 Python/3.12.10 (Windows-10-10.0.19045-SP0)'
    'x-ms-date': 'REDACTED'
    'x-ms-client-request-id': 'c84839f0-b0d3-11f0-be72-c85ea9bc8da0'
    'Authorization': 'REDACTED'
A body is sent with the request
2025-10-24 14:20:09 | INFO     | azure.core.pipeline.policies.http_logging_policy | on_response:554 | Response status: 201
Response headers:
    'Content-Length': '0'
    'Content-MD5': 'REDACTED'
    'Last-Modified': 'Fri, 24 Oct 2025 12:20:09 GMT'
    'ETag': '"0x8DE12F7ACBEA964"'
    'Server': 'Windows-Azure-Blob/1.0 Microsoft-HTTPAPI/2.0'
    'x-ms-request-id': '5ef8466c-f01e-0005-65e0-44a9cd000000'
    'x-ms-client-request-id': 'c84839f0-b0d3-11f0-be72-c85ea9bc8da0'
    'x-ms-version': 'REDACTED'
    'x-ms-content-crc64': 'REDACTED'
    'x-ms-request-server-encrypted': 'REDACTED'
    'Date': 'Fri, 24 Oct 2025 12:20:09 GMT'
2025-10-24 14:20:11 | INFO     | video_generation_app | generate_final_video:111 | Generando video final con entradas: https://showroomblob.blob.core.windows.net/public-data/1df693b65ca4463a9571b854dc6b649a/img_cartel_1df693b65ca4463a9571b854dc6b649a.jpg, https://showroomblob.blob.core.windows.net/public-data/1df693b65ca4463a9571b854dc6b649a/vid_pareja_1df693b65ca4463a9571b854dc6b649a.mp4
2025-10-24 14:20:11 | INFO     | video_generation_app | _download_to_dir:20 | Downloading URL to dir
2025-10-24 14:20:11 | INFO     | video_generation_app | _download_to_dir:56 | Saving to path: temp_files\input_e94d0971-5ba9-4f24-b553-c817fdf5fbdf.jpg
2025-10-24 14:20:11 | INFO     | video_generation_app | _download_to_dir:20 | Downloading URL to dir
2025-10-24 14:20:11 | INFO     | video_generation_app | _download_to_dir:56 | Saving to path: temp_files\input_84209618-0800-4981-a92e-5ccb82145dcb.mp4
2025-10-24 14:20:12 | INFO     | video_generation_app | compose_final:61 | Usando videos fijos: %s static/videos\nupzial1.mp4, %s static/videos\nupzial3.mp4, %s static/videos\nupzial4.mp4
2025-10-24 14:20:12 | INFO     | video_generation_app | compose_final:69 | EMPEZAMOS!!
2025-10-24 14:20:13 | INFO     | video_generation_app | compose_final:73 | cpli1 ok
2025-10-24 14:20:13 | INFO     | video_generation_app | compose_final:77 | Es imagen pareja
2025-10-24 14:21:18 | INFO     | video_generation_app | create_cartel_video:61 | isDemo: True
2025-10-24 14:21:18 | INFO     | video_generation_app | create_cartel_video:65 | Demo vid url: https://showroomblob.blob.core.windows.net/demo-data/cartel_vid_demo.mp4
2025-10-24 14:21:18 | INFO     | video_generation_app | create_cartel_video:73 | Generating cartel video for: Laura, Lola Demo: True
2025-10-24 14:21:18 | INFO     | azure.core.pipeline.policies.http_logging_policy | on_request:508 | Request URL: 'https://showroomblob.blob.core.windows.net/public-data/1df693b65ca4463a9571b854dc6b649a/vid_pareja_1df693b65ca4463a9571b854dc6b649a.mp4'
Request method: 'PUT'
Request headers:
    'Content-Length': '3537050'
    'x-ms-blob-type': 'REDACTED'
    'x-ms-blob-content-type': 'REDACTED'
    'x-ms-version': 'REDACTED'
    'Content-Type': 'application/octet-stream'
    'Accept': 'application/xml'
    'User-Agent': 'azsdk-python-storage-blob/12.27.0 Python/3.12.10 (Windows-10-10.0.19045-SP0)'
    'x-ms-date': 'REDACTED'
    'x-ms-client-request-id': 'f1b7c0a1-b0d3-11f0-af4c-c85ea9bc8da0'
    'Authorization': 'REDACTED'
A body is sent with the request
2025-10-24 14:21:19 | INFO     | azure.core.pipeline.policies.http_logging_policy | on_response:554 | Response status: 201
Response headers:
    'Content-Length': '0'
    'Content-MD5': 'REDACTED'
    'Last-Modified': 'Fri, 24 Oct 2025 12:21:19 GMT'
    'ETag': '"0x8DE12F7D636A618"'
    'Server': 'Windows-Azure-Blob/1.0 Microsoft-HTTPAPI/2.0'
    'x-ms-request-id': '65c5afe7-201e-0006-58e0-4448a9000000'
    'x-ms-client-request-id': 'f1b7c0a1-b0d3-11f0-af4c-c85ea9bc8da0'
    'x-ms-version': 'REDACTED'
    'x-ms-content-crc64': 'REDACTED'
    'x-ms-request-server-encrypted': 'REDACTED'
    'Date': 'Fri, 24 Oct 2025 12:21:18 GMT'
2025-10-24 14:21:19 | INFO     | azure.core.pipeline.policies.http_logging_policy | on_request:508 | Request URL: 'https://showroomblob.blob.core.windows.net/public-data/1df693b65ca4463a9571b854dc6b649a/vid_cartel_1df693b65ca4463a9571b854dc6b649a.mp4'
Request method: 'PUT'
Request headers:
    'Content-Length': '3064519'
    'x-ms-blob-type': 'REDACTED'
    'x-ms-blob-content-type': 'REDACTED'
    'x-ms-version': 'REDACTED'
    'Content-Type': 'application/octet-stream'
    'Accept': 'application/xml'
    'User-Agent': 'azsdk-python-storage-blob/12.27.0 Python/3.12.10 (Windows-10-10.0.19045-SP0)'
    'x-ms-date': 'REDACTED'
    'x-ms-client-request-id': 'f25a3e1c-b0d3-11f0-9732-c85ea9bc8da0'
    'Authorization': 'REDACTED'
A body is sent with the request
2025-10-24 14:21:20 | INFO     | azure.core.pipeline.policies.http_logging_policy | on_response:554 | Response status: 201
Response headers:
    'Content-Length': '0'
    'Content-MD5': 'REDACTED'
    'Last-Modified': 'Fri, 24 Oct 2025 12:21:20 GMT'
    'ETag': '"0x8DE12F7D6B43CDC"'
    'Server': 'Windows-Azure-Blob/1.0 Microsoft-HTTPAPI/2.0'
    'x-ms-request-id': '93eab38d-b01e-002b-49e0-44fbda000000'
    'x-ms-client-request-id': 'f25a3e1c-b0d3-11f0-9732-c85ea9bc8da0'
    'x-ms-version': 'REDACTED'
    'x-ms-content-crc64': 'REDACTED'
    'x-ms-request-server-encrypted': 'REDACTED'
    'Date': 'Fri, 24 Oct 2025 12:21:19 GMT'
2025-10-24 14:21:24 | INFO     | video_generation_app | generate_final_video:111 | Generando video final con entradas: https://showroomblob.blob.core.windows.net/public-data/1df693b65ca4463a9571b854dc6b649a/img_pareja_1df693b65ca4463a9571b854dc6b649a.jpg, https://showroomblob.blob.core.windows.net/public-data/1df693b65ca4463a9571b854dc6b649a/vid_pareja_1df693b65ca4463a9571b854dc6b649a.mp4
2025-10-24 14:21:24 | INFO     | video_generation_app | _download_to_dir:20 | Downloading URL to dir
2025-10-24 14:21:24 | INFO     | video_generation_app | _download_to_dir:56 | Saving to path: temp_files\input_762cf22d-08c4-4fb4-ac24-b709de75fe4d.jpg
2025-10-24 14:21:24 | INFO     | video_generation_app | _download_to_dir:20 | Downloading URL to dir
2025-10-24 14:21:24 | INFO     | video_generation_app | _download_to_dir:56 | Saving to path: temp_files\input_3630e65e-a672-4c94-9d7b-b58561575351.mp4
2025-10-24 14:21:25 | INFO     | video_generation_app | compose_final:61 | Usando videos fijos: %s static/videos\nupzial1.mp4, %s static/videos\nupzial3.mp4, %s static/videos\nupzial4.mp4
2025-10-24 14:21:25 | INFO     | video_generation_app | compose_final:69 | EMPEZAMOS!!
2025-10-24 14:21:25 | INFO     | video_generation_app | compose_final:73 | cpli1 ok
2025-10-24 14:21:25 | INFO     | video_generation_app | compose_final:77 | Es imagen pareja
2025-10-24 14:23:13 | INFO     | video_generation_app | create_cartel_video:61 | isDemo: True
2025-10-24 14:23:13 | INFO     | video_generation_app | create_cartel_video:65 | Demo vid url: https://showroomblob.blob.core.windows.net/demo-data/cartel_vid_demo.mp4
2025-10-24 14:23:13 | INFO     | video_generation_app | create_cartel_video:73 | Generating cartel video for: Laura, Lola Demo: True
2025-10-24 14:23:13 | INFO     | azure.core.pipeline.policies.http_logging_policy | on_request:508 | Request URL: 'https://showroomblob.blob.core.windows.net/public-data/1df693b65ca4463a9571b854dc6b649a/vid_pareja_1df693b65ca4463a9571b854dc6b649a.mp4'
Request method: 'PUT'
Request headers:
    'Content-Length': '3537050'
    'x-ms-blob-type': 'REDACTED'
    'x-ms-blob-content-type': 'REDACTED'
    'x-ms-version': 'REDACTED'
    'Content-Type': 'application/octet-stream'
    'Accept': 'application/xml'
    'User-Agent': 'azsdk-python-storage-blob/12.27.0 Python/3.12.10 (Windows-10-10.0.19045-SP0)'
    'x-ms-date': 'REDACTED'
    'x-ms-client-request-id': '365567a1-b0d4-11f0-af35-c85ea9bc8da0'
    'Authorization': 'REDACTED'
A body is sent with the request
2025-10-24 14:23:14 | INFO     | azure.core.pipeline.policies.http_logging_policy | on_response:554 | Response status: 201
Response headers:
    'Content-Length': '0'
    'Content-MD5': 'REDACTED'
    'Last-Modified': 'Fri, 24 Oct 2025 12:23:14 GMT'
    'ETag': '"0x8DE12F81AFD7E48"'
    'Server': 'Windows-Azure-Blob/1.0 Microsoft-HTTPAPI/2.0'
    'x-ms-request-id': 'd565f83d-d01e-0002-1fe0-44c5ae000000'
    'x-ms-client-request-id': '365567a1-b0d4-11f0-af35-c85ea9bc8da0'
    'x-ms-version': 'REDACTED'
    'x-ms-content-crc64': 'REDACTED'
    'x-ms-request-server-encrypted': 'REDACTED'
    'Date': 'Fri, 24 Oct 2025 12:23:13 GMT'
2025-10-24 14:23:16 | INFO     | azure.core.pipeline.policies.http_logging_policy | on_request:508 | Request URL: 'https://showroomblob.blob.core.windows.net/public-data/1df693b65ca4463a9571b854dc6b649a/vid_cartel_1df693b65ca4463a9571b854dc6b649a.mp4'
Request method: 'PUT'
Request headers:
    'Content-Length': '3064519'
    'x-ms-blob-type': 'REDACTED'
    'x-ms-blob-content-type': 'REDACTED'
    'x-ms-version': 'REDACTED'
    'Content-Type': 'application/octet-stream'
    'Accept': 'application/xml'
    'User-Agent': 'azsdk-python-storage-blob/12.27.0 Python/3.12.10 (Windows-10-10.0.19045-SP0)'
    'x-ms-date': 'REDACTED'
    'x-ms-client-request-id': '380cec2b-b0d4-11f0-84ad-c85ea9bc8da0'
    'Authorization': 'REDACTED'
A body is sent with the request
2025-10-24 14:23:17 | INFO     | azure.core.pipeline.policies.http_logging_policy | on_response:554 | Response status: 201
Response headers:
    'Content-Length': '0'
    'Content-MD5': 'REDACTED'
    'Last-Modified': 'Fri, 24 Oct 2025 12:23:17 GMT'
    'ETag': '"0x8DE12F81CCE40F8"'
    'Server': 'Windows-Azure-Blob/1.0 Microsoft-HTTPAPI/2.0'
    'x-ms-request-id': '769311f8-801e-0030-6de0-44c5d9000000'
    'x-ms-client-request-id': '380cec2b-b0d4-11f0-84ad-c85ea9bc8da0'
    'x-ms-version': 'REDACTED'
    'x-ms-content-crc64': 'REDACTED'
    'x-ms-request-server-encrypted': 'REDACTED'
    'Date': 'Fri, 24 Oct 2025 12:23:17 GMT'
2025-10-24 14:23:29 | INFO     | video_generation_app | generate_final_video:111 | Generando video final con entradas: https://showroomblob.blob.core.windows.net/public-data/1df693b65ca4463a9571b854dc6b649a/vid_cartel_1df693b65ca4463a9571b854dc6b649a.mp4, https://showroomblob.blob.core.windows.net/public-data/1df693b65ca4463a9571b854dc6b649a/img_pareja_1df693b65ca4463a9571b854dc6b649a.jpg
2025-10-24 14:23:29 | INFO     | video_generation_app | _download_to_dir:20 | Downloading URL to dir
2025-10-24 14:23:30 | INFO     | video_generation_app | _download_to_dir:56 | Saving to path: temp_files\input_8ba8819e-e7a8-43ce-81de-c2408bdf1f72.mp4
2025-10-24 14:23:30 | INFO     | video_generation_app | _download_to_dir:20 | Downloading URL to dir
2025-10-24 14:23:30 | INFO     | video_generation_app | _download_to_dir:56 | Saving to path: temp_files\input_540d0884-2417-4eda-8de1-59e6d8f615ba.jpg
2025-10-24 14:23:30 | INFO     | video_generation_app | compose_final:61 | Usando videos fijos: %s static/videos\nupzial1.mp4, %s static/videos\nupzial3.mp4, %s static/videos\nupzial4.mp4
2025-10-24 14:23:30 | INFO     | video_generation_app | compose_final:69 | EMPEZAMOS!!
2025-10-24 14:23:31 | INFO     | video_generation_app | compose_final:73 | cpli1 ok
2025-10-24 14:23:31 | INFO     | video_generation_app | compose_final:77 | Es imagen pareja
2025-10-24 14:23:31 | INFO     | video_generation_app | compose_final:91 | cpli pareja ok
2025-10-24 14:23:33 | INFO     | video_generation_app | compose_final:96 | cpli2 ok
2025-10-24 14:23:34 | INFO     | video_generation_app | compose_final:106 | cpli cartel ok
2025-10-24 14:23:35 | INFO     | video_generation_app | compose_final:112 | clip3  ok
2025-10-24 14:23:36 | INFO     | video_generation_app | compose_final:130 | llamo a concatenate_videoclips
2025-10-24 14:23:36 | INFO     | video_generation_app | compose_final:134 | tenemos final_clip
2025-10-24 14:23:36 | INFO     | video_generation_app | compose_final:144 | efectos ok
2025-10-24 14:23:37 | INFO     | video_generation_app | compose_final:149 | audio ok
2025-10-24 14:23:37 | INFO     | video_generation_app | compose_final:153 | guardo en temp
2025-10-24 14:26:55 | INFO     | video_generation_app | compose_final:163 | temp ok
2025-10-24 14:26:56 | INFO     | azure.core.pipeline.policies.http_logging_policy | on_request:508 | Request URL: 'https://showroomblob.blob.core.windows.net/public-data/1df693b65ca4463a9571b854dc6b649a/vid_final_1df693b65ca4463a9571b854dc6b649a.mp4'
Request method: 'PUT'
Request headers:
    'Content-Length': '6817804'
    'x-ms-blob-type': 'REDACTED'
    'x-ms-blob-content-type': 'REDACTED'
    'x-ms-version': 'REDACTED'
    'Content-Type': 'application/octet-stream'
    'Accept': 'application/xml'
    'User-Agent': 'azsdk-python-storage-blob/12.27.0 Python/3.12.10 (Windows-10-10.0.19045-SP0)'
    'x-ms-date': 'REDACTED'
    'x-ms-client-request-id': 'babcd8fa-b0d4-11f0-a197-c85ea9bc8da0'
    'Authorization': 'REDACTED'
A body is sent with the request
2025-10-24 14:26:57 | INFO     | azure.core.pipeline.policies.http_logging_policy | on_response:554 | Response status: 201
Response headers:
    'Content-Length': '0'
    'Content-MD5': 'REDACTED'
    'Last-Modified': 'Fri, 24 Oct 2025 12:26:57 GMT'
    'ETag': '"0x8DE12F89FCFA9F0"'
    'Server': 'Windows-Azure-Blob/1.0 Microsoft-HTTPAPI/2.0'
    'x-ms-request-id': 'fd481251-d01e-002d-52e1-44c865000000'
    'x-ms-client-request-id': 'babcd8fa-b0d4-11f0-a197-c85ea9bc8da0'
    'x-ms-version': 'REDACTED'
    'x-ms-content-crc64': 'REDACTED'
    'x-ms-request-server-encrypted': 'REDACTED'
    'Date': 'Fri, 24 Oct 2025 12:26:57 GMT'
2025-10-24 14:26:57 | INFO     | video_generation_app | compose_final:181 | Video final subido a blob storage: https://showroomblob.blob.core.windows.net/public-data/1df693b65ca4463a9571b854dc6b649a/vid_final_1df693b65ca4463a9571b854dc6b649a.mp4
2025-10-24 14:26:58 | INFO     | video_generation_app | send_power_automate:77 | Calling Power Automate API
2025-10-24 14:26:58 | INFO     | video_generation_app | send_power_automate:96 | Power Automate API call successful
2025-10-24 14:26:58 | INFO     | video_generation_app | generate_final_video:128 | Video final generado en: https://showroomblob.blob.core.windows.net/public-data/1df693b65ca4463a9571b854dc6b649a/vid_final_1df693b65ca4463a9571b854dc6b649a.mp4
2025-10-24 14:34:23 | INFO     | video_generation_app | <module>:41 | Logger configurado correctamente.
